<?xml version="1.0" encoding="UTF-8"?>
<testng-results ignored="0" total="1" passed="1" failed="0" skipped="0">
  <reporter-output>
  </reporter-output>
  <suite started-at="2023-10-06T22:13:51 EDT" name="Default suite" finished-at="2023-10-06T22:14:22 EDT" duration-ms="30575">
    <groups>
      <group name="cucumber">
        <method signature="AbstractTestNGCucumberTests.feature(cucumber.api.testng.CucumberFeatureWrapper)[pri:0, instance:Gold_TestRunner.Gold_TestRunner@4e5ed836]" name="feature" class="cucumber.api.testng.AbstractTestNGCucumberTests"/>
      </group> <!-- cucumber -->
    </groups>
    <test started-at="2023-10-06T22:13:51 EDT" name="Default test" finished-at="2023-10-06T22:14:22 EDT" duration-ms="30575">
      <class name="Gold_TestRunner.Gold_TestRunner">
        <test-method is-config="true" signature="goStartURL()[pri:0, instance:Gold_TestRunner.Gold_TestRunner@4e5ed836]" started-at="2023-10-06T22:13:51 EDT" name="goStartURL" finished-at="2023-10-06T22:13:54 EDT" duration-ms="3157" status="PASS">
          <reporter-output>
          </reporter-output>
        </test-method> <!-- goStartURL -->
        <test-method is-config="true" signature="setUpClass()[pri:0, instance:Gold_TestRunner.Gold_TestRunner@4e5ed836]" started-at="2023-10-06T22:13:54 EDT" name="setUpClass" finished-at="2023-10-06T22:13:54 EDT" duration-ms="187" status="PASS">
          <reporter-output>
          </reporter-output>
        </test-method> <!-- setUpClass -->
        <test-method signature="feature(cucumber.api.testng.CucumberFeatureWrapper)[pri:0, instance:Gold_TestRunner.Gold_TestRunner@4e5ed836]" started-at="2023-10-06T22:13:54 EDT" name="feature" description="Runs Cucumber Feature" data-provider="features" finished-at="2023-10-06T22:14:21 EDT" duration-ms="26520" status="PASS">
          <params>
            <param index="0">
              <value>
                <![CDATA[This is a feature for searching item]]>
              </value>
            </param>
          </params>
          <reporter-output>
          </reporter-output>
        </test-method> <!-- feature -->
        <test-method is-config="true" signature="tearDownClass()[pri:0, instance:Gold_TestRunner.Gold_TestRunner@4e5ed836]" started-at="2023-10-06T22:14:21 EDT" name="tearDownClass" finished-at="2023-10-06T22:14:21 EDT" duration-ms="22" status="PASS">
          <reporter-output>
          </reporter-output>
        </test-method> <!-- tearDownClass -->
        <test-method is-config="true" signature="goCloseURL()[pri:0, instance:Gold_TestRunner.Gold_TestRunner@4e5ed836]" started-at="2023-10-06T22:14:21 EDT" name="goCloseURL" finished-at="2023-10-06T22:14:22 EDT" duration-ms="566" status="PASS">
          <reporter-output>
          </reporter-output>
        </test-method> <!-- goCloseURL -->
      </class> <!-- Gold_TestRunner.Gold_TestRunner -->
    </test> <!-- Default test -->
  </suite> <!-- Default suite -->
</testng-results>
